<?xml version="1.0" encoding="UTF-8"?>
<!-- Generated by org.testng.reporters.JUnitReportReporter -->
<testsuite hostname="DESKTOP-NQ2L7NS" failures="0" tests="1" name="TestClass.Project_Script" time="16.048" errors="0" timestamp="2025-10-20T13:15:42 IST" skipped="0">
  <testcase classname="TestClass.Project_Script" name="projectmethod" time="16.048"/>
  <system-out/>
</testsuite> <!-- TestClass.Project_Script -->
