<?xml version="1.0" encoding="UTF-8"?>
<!-- Generated by org.testng.reporters.JUnitReportReporter -->
<testsuite hostname="DESKTOP-NQ2L7NS" failures="0" tests="1" name="TestClass.CreateProject_Script" time="24.402" errors="0" timestamp="2025-10-20T17:54:40 IST" skipped="0">
  <testcase classname="TestClass.CreateProject_Script" name="createproject" time="24.402"/>
  <system-out/>
</testsuite> <!-- TestClass.CreateProject_Script -->
