<?xml version="1.0" encoding="UTF-8"?>
<!-- Generated by org.testng.reporters.JUnitReportReporter -->
<testsuite hostname="DESKTOP-NQ2L7NS" failures="0" tests="2" name="TestClass.Login_Script" time="23.316" errors="0" timestamp="2025-10-23T10:35:27 IST" skipped="0">
  <testcase classname="TestClass.Login_Script" name="logintest" time="6.488"/>
  <system-out/>
  <testcase classname="TestClass.Login_Script" name="logintest" time="16.828"/>
  <system-out/>
</testsuite> <!-- TestClass.Login_Script -->
