<?xml version="1.0" encoding="UTF-8"?>
<!-- Generated by org.testng.reporters.JUnitReportReporter -->
<testsuite hostname="DESKTOP-NQ2L7NS" failures="0" tests="2" name="TestClass.Login_Script" time="16.051" errors="0" timestamp="2025-10-22T16:35:25 IST" skipped="0">
  <testcase classname="TestClass.Login_Script" name="logintest" time="6.754"/>
  <system-out/>
  <testcase classname="TestClass.Login_Script" name="logintest" time="9.297"/>
  <system-out/>
</testsuite> <!-- TestClass.Login_Script -->
